2022-08-04 13:11:13,178 :: package: mysql.connector.plugins
2022-08-04 13:11:13,178 :: plugin_name: caching_sha2_password
2022-08-04 13:11:13,179 :: AUTHENTICATION_PLUGIN_CLASS: MySQLCachingSHA2PasswordAuthPlugin
2022-08-04 13:11:13,181 :: Accessed database in get_user_by_email function...
2022-08-04 13:11:13,400 :: Unpaid order found and retrieved as cart.
2022-08-04 13:17:06,005 :: package: mysql.connector.plugins
2022-08-04 13:17:06,006 :: plugin_name: caching_sha2_password
2022-08-04 13:17:06,007 :: AUTHENTICATION_PLUGIN_CLASS: MySQLCachingSHA2PasswordAuthPlugin
2022-08-04 13:17:06,009 :: Accessed database in get_user_by_email function...
2022-08-04 13:17:06,227 :: Unpaid order found and retrieved as cart.
2022-08-04 13:30:23,343 :: package: mysql.connector.plugins
2022-08-04 13:30:23,343 :: plugin_name: caching_sha2_password
2022-08-04 13:30:23,344 :: AUTHENTICATION_PLUGIN_CLASS: MySQLCachingSHA2PasswordAuthPlugin
2022-08-04 13:30:23,346 :: Accessed database in get_user_by_email function...
2022-08-04 13:35:32,674 :: New user (id: 8) was inserted into database...
2022-08-04 13:36:20,606 :: package: mysql.connector.plugins
2022-08-04 13:36:20,606 :: plugin_name: caching_sha2_password
2022-08-04 13:36:20,608 :: AUTHENTICATION_PLUGIN_CLASS: MySQLCachingSHA2PasswordAuthPlugin
2022-08-04 13:36:20,609 :: Accessed database in get_user_by_email function...
2022-08-04 13:36:20,817 :: Unpaid order found and retrieved as cart.
2022-08-04 13:36:48,054 :: 1) record was updated in the database...
2022-08-04 13:36:48,074 :: New orderItem (id: 21) was inserted into database...
2022-08-04 13:36:53,597 :: Retrieved order items from order: 9
2022-08-04 13:36:59,073 :: Retrieved book from orderitem: 21
2022-08-04 13:37:02,785 :: OrderItem: 21's quantity was changed to 1 in the database
2022-08-04 13:37:02,805 :: Retrieved order items from order: 9
2022-08-04 13:37:07,961 :: Retrieved book from orderitem: 21
2022-08-04 13:37:10,422 :: OrderItem: 21 was deleted from the database
2022-08-04 13:37:10,443 :: Retrieved order items from order: 9
2022-08-04 13:37:43,356 :: User's order history accessed in DB and retrieved.
2022-08-04 13:42:49,687 :: package: mysql.connector.plugins
2022-08-04 13:42:49,688 :: plugin_name: caching_sha2_password
2022-08-04 13:42:49,689 :: AUTHENTICATION_PLUGIN_CLASS: MySQLCachingSHA2PasswordAuthPlugin
2022-08-04 13:42:49,690 :: Accessed database in get_user_by_email function...
2022-08-04 13:42:49,899 :: Unpaid order found and retrieved as cart.
2022-08-04 13:46:34,952 :: package: mysql.connector.plugins
2022-08-04 13:46:34,953 :: plugin_name: caching_sha2_password
2022-08-04 13:46:34,954 :: AUTHENTICATION_PLUGIN_CLASS: MySQLCachingSHA2PasswordAuthPlugin
2022-08-04 13:46:34,956 :: Accessed database in get_user_by_email function...
2022-08-04 13:46:35,167 :: Unpaid order found and retrieved as cart.
2022-08-04 13:53:07,814 :: package: mysql.connector.plugins
2022-08-04 13:53:07,814 :: plugin_name: caching_sha2_password
2022-08-04 13:53:07,816 :: AUTHENTICATION_PLUGIN_CLASS: MySQLCachingSHA2PasswordAuthPlugin
2022-08-04 13:53:07,817 :: Accessed database in get_user_by_email function...
2022-08-04 13:55:33,381 :: package: mysql.connector.plugins
2022-08-04 13:55:33,381 :: plugin_name: caching_sha2_password
2022-08-04 13:55:33,382 :: AUTHENTICATION_PLUGIN_CLASS: MySQLCachingSHA2PasswordAuthPlugin
2022-08-04 13:55:33,384 :: Accessed database in get_user_by_email function...
2022-08-04 13:56:09,911 :: Accessed database in get_user_by_email function...
2022-08-04 13:56:10,119 :: Unpaid order found and retrieved as cart.
2022-08-04 14:01:45,971 :: User's order history accessed in DB and retrieved.
2022-08-04 14:03:37,251 :: package: mysql.connector.plugins
2022-08-04 14:03:37,251 :: plugin_name: caching_sha2_password
2022-08-04 14:03:37,252 :: AUTHENTICATION_PLUGIN_CLASS: MySQLCachingSHA2PasswordAuthPlugin
2022-08-04 14:03:37,254 :: Accessed database in get_user_by_email function...
2022-08-04 14:03:37,468 :: Unpaid order found and retrieved as cart.
2022-08-04 14:03:51,337 :: Retrieved order items from order: 9
2022-08-04 14:10:51,315 :: package: mysql.connector.plugins
2022-08-04 14:10:51,315 :: plugin_name: caching_sha2_password
2022-08-04 14:10:51,316 :: AUTHENTICATION_PLUGIN_CLASS: MySQLCachingSHA2PasswordAuthPlugin
2022-08-04 14:10:51,317 :: Accessed database in get_user_by_email function...
2022-08-04 14:10:54,218 :: Accessed database in get_user_by_email function...
2022-08-04 14:35:31,978 :: package: mysql.connector.plugins
2022-08-04 14:35:31,980 :: plugin_name: caching_sha2_password
2022-08-04 14:35:31,981 :: AUTHENTICATION_PLUGIN_CLASS: MySQLCachingSHA2PasswordAuthPlugin
2022-08-04 14:35:31,983 :: Accessed database in get_user_by_email function...
2022-08-04 17:06:39,067 :: package: mysql.connector.plugins
2022-08-04 17:06:39,068 :: plugin_name: caching_sha2_password
2022-08-04 17:06:39,070 :: AUTHENTICATION_PLUGIN_CLASS: MySQLCachingSHA2PasswordAuthPlugin
2022-08-04 17:06:39,073 :: Accessed database in get_user_by_email function...
2022-08-04 17:07:18,303 :: New user (id: 9) was inserted into database...
2022-08-04 17:10:02,065 :: Accessed database in get_user_by_email function...
2022-08-04 17:10:29,174 :: Accessed database in get_user_by_email function...
2022-08-04 17:10:29,382 :: Unpaid order found and retrieved as cart.
2022-08-04 17:10:29,408 :: New order (order_id: 16) was inserted into database...
2022-08-04 17:10:29,426 :: Fetched order id=16 from database
2022-08-04 17:10:39,561 :: User's order history accessed in DB and retrieved.
2022-08-04 17:13:08,451 :: package: mysql.connector.plugins
2022-08-04 17:13:08,451 :: plugin_name: caching_sha2_password
2022-08-04 17:13:08,452 :: AUTHENTICATION_PLUGIN_CLASS: MySQLCachingSHA2PasswordAuthPlugin
2022-08-04 17:13:08,454 :: Accessed database in get_user_by_email function...
2022-08-04 17:13:08,662 :: Unpaid order found and retrieved as cart.
2022-08-04 17:13:11,225 :: User's order history accessed in DB and retrieved.
2022-08-04 17:13:16,804 :: User's order history accessed in DB and retrieved.
2022-08-04 17:14:24,676 :: User's order history accessed in DB and retrieved.
2022-08-04 17:14:47,316 :: package: mysql.connector.plugins
2022-08-04 17:14:47,316 :: plugin_name: caching_sha2_password
2022-08-04 17:14:47,318 :: AUTHENTICATION_PLUGIN_CLASS: MySQLCachingSHA2PasswordAuthPlugin
2022-08-04 17:14:47,319 :: Accessed database in get_user_by_email function...
2022-08-04 17:14:47,527 :: Unpaid order found and retrieved as cart.
2022-08-04 17:15:35,200 :: package: mysql.connector.plugins
2022-08-04 17:15:35,200 :: plugin_name: caching_sha2_password
2022-08-04 17:15:35,202 :: AUTHENTICATION_PLUGIN_CLASS: MySQLCachingSHA2PasswordAuthPlugin
2022-08-04 17:15:35,203 :: Accessed database in get_user_by_email function...
2022-08-04 17:15:35,411 :: Unpaid order found and retrieved as cart.
2022-08-04 17:15:38,364 :: User's order history accessed in DB and retrieved.
2022-08-04 17:15:46,589 :: Retrieved order items from order: 16
2022-08-04 17:19:14,792 :: package: mysql.connector.plugins
2022-08-04 17:19:14,792 :: plugin_name: caching_sha2_password
2022-08-04 17:19:14,794 :: AUTHENTICATION_PLUGIN_CLASS: MySQLCachingSHA2PasswordAuthPlugin
2022-08-04 17:19:14,795 :: Accessed database in get_user_by_email function...
2022-08-04 17:19:15,002 :: Unpaid order found and retrieved as cart.
2022-08-04 17:19:18,389 :: Retrieved order items from order: 16
2022-08-04 17:19:23,553 :: Retrieved order items from order: 16
2022-08-04 17:19:26,954 :: Retrieved order items from order: 16
2022-08-04 17:19:28,648 :: Retrieved order items from order: 16
2022-08-05 00:54:06,171 :: package: mysql.connector.plugins
2022-08-05 00:54:06,171 :: plugin_name: caching_sha2_password
2022-08-05 00:54:06,173 :: AUTHENTICATION_PLUGIN_CLASS: MySQLCachingSHA2PasswordAuthPlugin
2022-08-05 00:54:06,175 :: Accessed database in get_user_by_email function...
2022-08-05 00:54:06,385 :: Unpaid order found and retrieved as cart.
2022-08-05 00:58:21,584 :: package: mysql.connector.plugins
2022-08-05 00:58:21,585 :: plugin_name: caching_sha2_password
2022-08-05 00:58:21,586 :: AUTHENTICATION_PLUGIN_CLASS: MySQLCachingSHA2PasswordAuthPlugin
2022-08-05 00:58:21,588 :: Accessed database in get_user_by_email function...
2022-08-05 00:58:21,798 :: Unpaid order found and retrieved as cart.
2022-08-05 00:59:46,985 :: Retrieved order items from order: 16
2022-08-05 01:00:29,170 :: Retrieved order items from order: 16
2022-08-05 01:00:31,509 :: Retrieved order items from order: 16
2022-08-05 01:00:32,350 :: Retrieved order items from order: 16
2022-08-05 01:00:33,135 :: Retrieved order items from order: 16
2022-08-05 01:00:33,921 :: Retrieved order items from order: 16
2022-08-05 01:00:53,016 :: package: mysql.connector.plugins
2022-08-05 01:00:53,016 :: plugin_name: caching_sha2_password
2022-08-05 01:00:53,018 :: AUTHENTICATION_PLUGIN_CLASS: MySQLCachingSHA2PasswordAuthPlugin
2022-08-05 01:00:53,019 :: Accessed database in get_user_by_email function...
2022-08-05 01:01:04,439 :: Accessed database in get_user_by_email function...
2022-08-05 01:01:04,648 :: Unpaid order found and retrieved as cart.
2022-08-05 01:03:33,972 :: package: mysql.connector.plugins
2022-08-05 01:03:33,972 :: plugin_name: caching_sha2_password
2022-08-05 01:03:33,974 :: AUTHENTICATION_PLUGIN_CLASS: MySQLCachingSHA2PasswordAuthPlugin
2022-08-05 01:03:33,975 :: Accessed database in get_user_by_email function...
2022-08-05 01:03:34,182 :: Unpaid order found and retrieved as cart.
2022-08-05 01:07:22,487 :: package: mysql.connector.plugins
2022-08-05 01:07:22,487 :: plugin_name: caching_sha2_password
2022-08-05 01:07:22,488 :: AUTHENTICATION_PLUGIN_CLASS: MySQLCachingSHA2PasswordAuthPlugin
2022-08-05 01:07:22,490 :: Accessed database in get_user_by_email function...
2022-08-05 01:07:22,704 :: Unpaid order found and retrieved as cart.
2022-08-05 01:09:19,090 :: package: mysql.connector.plugins
2022-08-05 01:09:19,090 :: plugin_name: caching_sha2_password
2022-08-05 01:09:19,092 :: AUTHENTICATION_PLUGIN_CLASS: MySQLCachingSHA2PasswordAuthPlugin
2022-08-05 01:09:19,093 :: Accessed database in get_user_by_email function...
2022-08-05 01:09:19,307 :: Unpaid order found and retrieved as cart.
2022-08-05 01:12:17,106 :: package: mysql.connector.plugins
2022-08-05 01:12:17,106 :: plugin_name: caching_sha2_password
2022-08-05 01:12:17,108 :: AUTHENTICATION_PLUGIN_CLASS: MySQLCachingSHA2PasswordAuthPlugin
2022-08-05 01:12:17,109 :: Accessed database in get_user_by_email function...
2022-08-05 01:12:17,324 :: Unpaid order found and retrieved as cart.
2022-08-05 01:14:01,526 :: package: mysql.connector.plugins
2022-08-05 01:14:01,527 :: plugin_name: caching_sha2_password
2022-08-05 01:14:01,528 :: AUTHENTICATION_PLUGIN_CLASS: MySQLCachingSHA2PasswordAuthPlugin
2022-08-05 01:14:01,530 :: Accessed database in get_user_by_email function...
2022-08-05 01:14:01,744 :: Unpaid order found and retrieved as cart.
2022-08-05 01:19:10,739 :: package: mysql.connector.plugins
2022-08-05 01:19:10,739 :: plugin_name: caching_sha2_password
2022-08-05 01:19:10,740 :: AUTHENTICATION_PLUGIN_CLASS: MySQLCachingSHA2PasswordAuthPlugin
2022-08-05 01:19:10,742 :: Accessed database in get_user_by_email function...
2022-08-05 01:19:10,948 :: Unpaid order found and retrieved as cart.
2022-08-05 01:21:47,167 :: package: mysql.connector.plugins
2022-08-05 01:21:47,167 :: plugin_name: caching_sha2_password
2022-08-05 01:21:47,169 :: AUTHENTICATION_PLUGIN_CLASS: MySQLCachingSHA2PasswordAuthPlugin
2022-08-05 01:21:47,171 :: Accessed database in get_user_by_email function...
2022-08-05 01:21:57,892 :: Accessed database in get_user_by_email function...
2022-08-05 01:21:58,100 :: Unpaid order found and retrieved as cart.
2022-08-05 01:24:47,090 :: package: mysql.connector.plugins
2022-08-05 01:24:47,090 :: plugin_name: caching_sha2_password
2022-08-05 01:24:47,091 :: AUTHENTICATION_PLUGIN_CLASS: MySQLCachingSHA2PasswordAuthPlugin
2022-08-05 01:24:47,093 :: Accessed database in get_user_by_email function...
2022-08-05 01:24:47,306 :: Unpaid order found and retrieved as cart.
2022-08-05 01:24:59,748 :: Retrieved order items from order: 16
2022-08-05 01:25:24,578 :: Retrieved order items from order: 16
2022-08-05 01:25:56,961 :: Retrieved order items from order: 16
2022-08-05 01:29:57,678 :: package: mysql.connector.plugins
2022-08-05 01:29:57,678 :: plugin_name: caching_sha2_password
2022-08-05 01:29:57,680 :: AUTHENTICATION_PLUGIN_CLASS: MySQLCachingSHA2PasswordAuthPlugin
2022-08-05 01:29:57,681 :: Accessed database in get_user_by_email function...
2022-08-05 01:29:57,889 :: Unpaid order found and retrieved as cart.
2022-08-05 01:33:29,133 :: package: mysql.connector.plugins
2022-08-05 01:33:29,133 :: plugin_name: caching_sha2_password
2022-08-05 01:33:29,134 :: AUTHENTICATION_PLUGIN_CLASS: MySQLCachingSHA2PasswordAuthPlugin
2022-08-05 01:33:29,136 :: Accessed database in get_user_by_email function...
2022-08-05 01:33:29,344 :: Unpaid order found and retrieved as cart.
2022-08-05 01:33:39,707 :: Retrieved order items from order: 16
2022-08-05 01:35:03,443 :: 1) record was updated in the database...
2022-08-05 01:35:03,462 :: New orderItem (id: 22) was inserted into database...
2022-08-05 01:38:09,679 :: package: mysql.connector.plugins
2022-08-05 01:38:09,679 :: plugin_name: caching_sha2_password
2022-08-05 01:38:09,681 :: AUTHENTICATION_PLUGIN_CLASS: MySQLCachingSHA2PasswordAuthPlugin
2022-08-05 01:38:09,682 :: Accessed database in get_user_by_email function...
2022-08-05 01:38:09,889 :: Unpaid order found and retrieved as cart.
2022-08-05 01:38:53,436 :: package: mysql.connector.plugins
2022-08-05 01:38:53,436 :: plugin_name: caching_sha2_password
2022-08-05 01:38:53,437 :: AUTHENTICATION_PLUGIN_CLASS: MySQLCachingSHA2PasswordAuthPlugin
2022-08-05 01:38:53,439 :: Accessed database in get_user_by_email function...
2022-08-05 01:38:53,647 :: Unpaid order found and retrieved as cart.
2022-08-05 01:39:44,644 :: package: mysql.connector.plugins
2022-08-05 01:39:44,644 :: plugin_name: caching_sha2_password
2022-08-05 01:39:44,646 :: AUTHENTICATION_PLUGIN_CLASS: MySQLCachingSHA2PasswordAuthPlugin
2022-08-05 01:39:44,647 :: Accessed database in get_user_by_email function...
2022-08-05 01:39:44,856 :: Unpaid order found and retrieved as cart.
2022-08-05 01:39:53,552 :: Retrieved order items from order: 16
2022-08-05 01:40:26,997 :: Total price for order: 16 retrieved
2022-08-05 01:42:22,395 :: package: mysql.connector.plugins
2022-08-05 01:42:22,395 :: plugin_name: caching_sha2_password
2022-08-05 01:42:22,397 :: AUTHENTICATION_PLUGIN_CLASS: MySQLCachingSHA2PasswordAuthPlugin
2022-08-05 01:42:22,398 :: Accessed database in get_user_by_email function...
2022-08-05 01:42:22,605 :: Unpaid order found and retrieved as cart.
2022-08-05 01:45:27,005 :: package: mysql.connector.plugins
2022-08-05 01:45:27,006 :: plugin_name: caching_sha2_password
2022-08-05 01:45:27,007 :: AUTHENTICATION_PLUGIN_CLASS: MySQLCachingSHA2PasswordAuthPlugin
2022-08-05 01:45:27,009 :: Accessed database in get_user_by_email function...
2022-08-05 01:45:27,216 :: Unpaid order found and retrieved as cart.
2022-08-05 01:45:32,897 :: Retrieved order items from order: 16
2022-08-05 01:45:36,648 :: Total price for order: 16 retrieved
2022-08-05 01:45:42,919 :: Retrieved order items from order: 16
2022-08-05 01:45:55,453 :: Retrieved book from orderitem: 22
2022-08-05 01:46:02,892 :: OrderItem: 22's quantity was changed to 2 in the database
2022-08-05 01:46:02,921 :: Retrieved order items from order: 16
2022-08-05 01:46:07,363 :: Total price for order: 16 retrieved
2022-08-05 01:46:10,218 :: New orderItem (id: 17) was inserted into database...
2022-08-05 01:47:21,103 :: User's order history accessed in DB and retrieved.
2022-08-05 01:47:32,160 :: User's order history accessed in DB and retrieved.
2022-08-05 01:47:34,351 :: Retrieved order items from order: 16
2022-08-05 01:47:54,799 :: User's order history accessed in DB and retrieved.
2022-08-05 01:53:48,529 :: package: mysql.connector.plugins
2022-08-05 01:53:48,529 :: plugin_name: caching_sha2_password
2022-08-05 01:53:48,531 :: AUTHENTICATION_PLUGIN_CLASS: MySQLCachingSHA2PasswordAuthPlugin
2022-08-05 01:53:48,533 :: Accessed database in get_user_by_email function...
2022-08-05 01:53:48,742 :: Unpaid order found and retrieved as cart.
2022-08-05 01:53:51,707 :: Retrieved order items from order: 17
2022-08-05 01:54:18,232 :: 1) record was updated in the database...
2022-08-05 01:54:18,249 :: New orderItem (id: 23) was inserted into database...
2022-08-05 01:59:20,101 :: package: mysql.connector.plugins
2022-08-05 01:59:20,101 :: plugin_name: caching_sha2_password
2022-08-05 01:59:20,103 :: AUTHENTICATION_PLUGIN_CLASS: MySQLCachingSHA2PasswordAuthPlugin
2022-08-05 01:59:20,104 :: Accessed database in get_user_by_email function...
2022-08-05 01:59:20,311 :: Unpaid order found and retrieved as cart.
2022-08-05 01:59:22,561 :: Retrieved order items from order: 17
2022-08-05 01:59:52,930 :: 1) record was updated in the database...
2022-08-05 01:59:52,947 :: New orderItem (id: 24) was inserted into database...
2022-08-05 02:00:11,832 :: Retrieved order items from order: 17
2022-08-05 02:00:24,588 :: Retrieved book from orderitem: 23
2022-08-05 02:00:34,597 :: OrderItem: 23's quantity was changed to 1 in the database
2022-08-05 02:00:34,626 :: Retrieved order items from order: 17
2022-08-05 02:00:46,527 :: Retrieved book from orderitem: 24
2022-08-05 02:00:49,642 :: OrderItem: 24 was deleted from the database
2022-08-05 02:00:49,673 :: Retrieved order items from order: 17
2022-08-05 02:00:55,745 :: Total price for order: 17 retrieved
2022-08-05 02:00:59,751 :: New orderItem (id: 18) was inserted into database...
2022-08-05 02:01:07,781 :: Retrieved order items from order: 18
2022-08-05 02:01:29,357 :: User's order history accessed in DB and retrieved.
2022-08-05 02:01:35,855 :: Retrieved order items from order: 17
2022-08-05 02:02:27,519 :: package: mysql.connector.plugins
2022-08-05 02:02:27,520 :: plugin_name: caching_sha2_password
2022-08-05 02:02:27,520 :: AUTHENTICATION_PLUGIN_CLASS: MySQLCachingSHA2PasswordAuthPlugin
2022-08-05 02:02:27,522 :: Accessed database in get_user_by_email function...
2022-08-05 02:02:27,728 :: Unpaid order found and retrieved as cart.
2022-08-05 02:03:33,113 :: ADMIN: Got all orders from database.
2022-08-05 02:03:38,742 :: ADMIN: Got all orders from database.
2022-08-05 02:15:39,598 :: package: mysql.connector.plugins
2022-08-05 02:15:39,599 :: plugin_name: caching_sha2_password
2022-08-05 02:15:39,600 :: AUTHENTICATION_PLUGIN_CLASS: MySQLCachingSHA2PasswordAuthPlugin
2022-08-05 02:15:39,602 :: Accessed database in get_user_by_email function...
2022-08-05 02:15:39,808 :: Unpaid order found and retrieved as cart.
2022-08-05 02:16:32,144 :: package: mysql.connector.plugins
2022-08-05 02:16:32,144 :: plugin_name: caching_sha2_password
2022-08-05 02:16:32,146 :: AUTHENTICATION_PLUGIN_CLASS: MySQLCachingSHA2PasswordAuthPlugin
2022-08-05 02:16:32,148 :: Accessed database in get_user_by_email function...
2022-08-05 02:16:32,354 :: Unpaid order found and retrieved as cart.
2022-08-05 02:16:52,096 :: package: mysql.connector.plugins
2022-08-05 02:16:52,096 :: plugin_name: caching_sha2_password
2022-08-05 02:16:52,098 :: AUTHENTICATION_PLUGIN_CLASS: MySQLCachingSHA2PasswordAuthPlugin
2022-08-05 02:16:52,099 :: Accessed database in get_user_by_email function...
2022-08-05 02:16:52,306 :: Unpaid order found and retrieved as cart.
2022-08-05 02:17:09,064 :: ADMIN: Got all orders from database.
2022-08-05 02:19:37,736 :: ADMIN: Got all orders from database.
2022-08-05 02:20:05,466 :: ADMIN: All Users retrieved from Database
2022-08-05 02:21:30,677 :: package: mysql.connector.plugins
2022-08-05 02:21:30,677 :: plugin_name: caching_sha2_password
2022-08-05 02:21:30,679 :: AUTHENTICATION_PLUGIN_CLASS: MySQLCachingSHA2PasswordAuthPlugin
2022-08-05 02:21:30,680 :: Accessed database in get_user_by_email function...
2022-08-05 02:21:40,784 :: Accessed database in get_user_by_email function...
2022-08-05 02:22:38,886 :: Accessed database in get_user_by_email function...
2022-08-05 02:23:09,213 :: New user (id: 10) was inserted into database...
2022-08-05 02:23:29,764 :: Accessed database in get_user_by_email function...
2022-08-05 02:23:29,970 :: Unpaid order found and retrieved as cart.
2022-08-05 02:23:29,997 :: New order (order_id: 19) was inserted into database...
2022-08-05 02:23:30,015 :: Fetched order id=19 from database
2022-08-05 02:23:38,909 :: Retrieved order items from order: 19
2022-08-05 02:26:17,814 :: Retrieved order items from order: 19
2022-08-05 02:26:52,401 :: 1) record was updated in the database...
2022-08-05 02:26:52,419 :: Duplicate book found in orderItems. Updated the quantity instead of creating new order
2022-08-05 02:27:30,340 :: 1) record was updated in the database...
2022-08-05 02:27:30,357 :: Duplicate book found in orderItems. Updated the quantity instead of creating new order
2022-08-05 02:27:41,855 :: Retrieved order items from order: 19
2022-08-05 02:28:11,927 :: 1) record was updated in the database...
2022-08-05 02:28:11,945 :: New orderItem (id: 25) was inserted into database...
2022-08-05 02:28:20,240 :: Retrieved order items from order: 19
2022-08-05 02:28:31,694 :: Retrieved book from orderitem: 25
2022-08-05 02:28:45,549 :: Retrieved order items from order: 19
